{"message":"Mongo Request:mongodb://molly:P%4055w0rd@127.0.0.1:27017/molly","level":"info"}
{"message":"creating users route","level":"info"}
{"message":"creating auth route","level":"info"}
{"message":"creating roles route","level":"info"}
{"message":"creating locations route","level":"info"}
{"message":"creating riders route","level":"info"}
{"message":"creating partners route","level":"info"}
{"message":"creating dispatch route","level":"info"}
{"message":"creating users route","level":"info"}
{"message":"creating auth route","level":"info"}
{"message":"creating roles route","level":"info"}
{"message":"creating locations route","level":"info"}
{"message":"creating riders route","level":"info"}
{"message":"creating partners route","level":"info"}
{"message":"creating dispatch route","level":"info"}
{"level":"info","message":"Port "}
{"message":"Mongo Response: connected Succesfully","level":"info"}
{"message":"Mongo Request:mongodb://molly:P%4055w0rd@127.0.0.1:27017/molly","level":"info"}
{"message":"creating users route","level":"info"}
{"message":"creating auth route","level":"info"}
{"message":"creating roles route","level":"info"}
{"message":"creating locations route","level":"info"}
{"message":"creating riders route","level":"info"}
{"message":"creating partners route","level":"info"}
{"message":"creating dispatch route","level":"info"}
{"message":"creating users route","level":"info"}
{"message":"creating auth route","level":"info"}
{"message":"creating roles route","level":"info"}
{"message":"creating locations route","level":"info"}
{"message":"creating riders route","level":"info"}
{"message":"creating partners route","level":"info"}
{"message":"creating dispatch route","level":"info"}
{"level":"info","message":"Port "}
{"message":"Mongo Response: connected Succesfully","level":"info"}
{"message":"Mongo Request:mongodb://molly:P%4055w0rd@127.0.0.1:27017/molly","level":"info"}
{"message":"creating users route","level":"info"}
{"message":"creating auth route","level":"info"}
{"message":"creating roles route","level":"info"}
{"message":"creating locations route","level":"info"}
{"message":"creating riders route","level":"info"}
{"message":"creating partners route","level":"info"}
{"message":"creating dispatch route","level":"info"}
{"message":"creating users route","level":"info"}
{"message":"creating auth route","level":"info"}
{"message":"creating roles route","level":"info"}
{"message":"creating locations route","level":"info"}
{"message":"creating riders route","level":"info"}
{"message":"creating partners route","level":"info"}
{"message":"creating dispatch route","level":"info"}
{"level":"info","message":"Port "}
{"message":"Mongo Response: connected Succesfully","level":"info"}
{"message":"Mongo Request:mongodb://molly:P%4055w0rd@127.0.0.1:27017/molly","level":"info"}
{"message":"creating users route","level":"info"}
{"message":"creating auth route","level":"info"}
{"message":"creating roles route","level":"info"}
{"message":"creating locations route","level":"info"}
{"message":"creating riders route","level":"info"}
{"message":"creating partners route","level":"info"}
{"message":"creating dispatch route","level":"info"}
{"message":"creating users route","level":"info"}
{"message":"creating auth route","level":"info"}
{"message":"creating roles route","level":"info"}
{"message":"creating locations route","level":"info"}
{"message":"creating riders route","level":"info"}
{"message":"creating partners route","level":"info"}
{"message":"creating dispatch route","level":"info"}
{"level":"info","message":"Port "}
{"message":"Mongo Response: connected Succesfully","level":"info"}
{"message":"Mongo Request:mongodb://molly:P%4055w0rd@127.0.0.1:27017/molly","level":"info"}
{"message":"creating users route","level":"info"}
{"message":"creating auth route","level":"info"}
{"message":"creating roles route","level":"info"}
{"message":"creating locations route","level":"info"}
{"message":"creating riders route","level":"info"}
{"message":"creating partners route","level":"info"}
{"message":"creating dispatch route","level":"info"}
{"message":"creating users route","level":"info"}
{"message":"creating auth route","level":"info"}
{"message":"creating roles route","level":"info"}
{"message":"creating locations route","level":"info"}
{"message":"creating riders route","level":"info"}
{"message":"creating partners route","level":"info"}
{"message":"creating dispatch route","level":"info"}
{"level":"info","message":"Port "}
{"message":"Mongo Response: connected Succesfully","level":"info"}
{"message":"Mongo Request:mongodb://molly:P%4055w0rd@127.0.0.1:27017/molly","level":"info"}
{"message":"creating users route","level":"info"}
{"message":"creating auth route","level":"info"}
{"message":"creating roles route","level":"info"}
{"message":"creating locations route","level":"info"}
{"message":"creating riders route","level":"info"}
{"message":"creating partners route","level":"info"}
{"message":"creating dispatch route","level":"info"}
{"message":"creating users route","level":"info"}
{"message":"creating auth route","level":"info"}
{"message":"creating roles route","level":"info"}
{"message":"creating locations route","level":"info"}
{"message":"creating riders route","level":"info"}
{"message":"creating partners route","level":"info"}
{"message":"creating dispatch route","level":"info"}
{"level":"info","message":"Port "}
{"message":"Mongo Response: connected Succesfully","level":"info"}
{"message":"Mongo Request:mongodb://molly:P%4055w0rd@127.0.0.1:27017/molly","level":"info"}
{"message":"creating users route","level":"info"}
{"message":"creating auth route","level":"info"}
{"message":"creating roles route","level":"info"}
{"message":"creating locations route","level":"info"}
{"message":"creating riders route","level":"info"}
{"message":"creating partners route","level":"info"}
{"message":"creating dispatch route","level":"info"}
{"message":"creating users route","level":"info"}
{"message":"creating auth route","level":"info"}
{"message":"creating roles route","level":"info"}
{"message":"creating locations route","level":"info"}
{"message":"creating riders route","level":"info"}
{"message":"creating partners route","level":"info"}
{"message":"creating dispatch route","level":"info"}
{"level":"info","message":"Port "}
{"message":"Mongo Response: connected Succesfully","level":"info"}
{"message":"Core response: {\"message\":\"Page not Found\",\"status\":99}","level":"info"}
{"message":"Mongo Request:mongodb://molly:P%4055w0rd@127.0.0.1:27017/molly","level":"info"}
{"message":"creating users route","level":"info"}
{"message":"creating auth route","level":"info"}
{"message":"creating roles route","level":"info"}
{"message":"creating locations route","level":"info"}
{"message":"creating riders route","level":"info"}
{"message":"creating partners route","level":"info"}
{"message":"creating dispatch route","level":"info"}
{"message":"creating users route","level":"info"}
{"message":"creating auth route","level":"info"}
{"message":"creating roles route","level":"info"}
{"message":"creating locations route","level":"info"}
{"message":"creating riders route","level":"info"}
{"message":"creating partners route","level":"info"}
{"message":"creating dispatch route","level":"info"}
{"level":"info","message":"Port "}
{"message":"Mongo Response: connected Succesfully","level":"info"}
{"message":"Mongo Request:mongodb://molly:P%4055w0rd@127.0.0.1:27017/molly","level":"info"}
{"message":"creating users route","level":"info"}
{"message":"creating auth route","level":"info"}
{"message":"creating roles route","level":"info"}
{"message":"creating locations route","level":"info"}
{"message":"creating riders route","level":"info"}
{"message":"creating partners route","level":"info"}
{"message":"creating dispatch route","level":"info"}
{"message":"creating users route","level":"info"}
{"message":"creating auth route","level":"info"}
{"message":"creating roles route","level":"info"}
{"message":"creating locations route","level":"info"}
{"message":"creating riders route","level":"info"}
{"message":"creating partners route","level":"info"}
{"message":"creating dispatch route","level":"info"}
{"level":"info","message":"Port "}
{"message":"Mongo Response: connected Succesfully","level":"info"}
{"message":"Mongo Request:mongodb://molly:P%4055w0rd@127.0.0.1:27017/molly","level":"info"}
{"message":"creating users route","level":"info"}
{"message":"creating auth route","level":"info"}
{"message":"creating roles route","level":"info"}
{"message":"creating locations route","level":"info"}
{"message":"creating riders route","level":"info"}
{"message":"creating partners route","level":"info"}
{"message":"creating dispatch route","level":"info"}
{"message":"creating users route","level":"info"}
{"message":"creating auth route","level":"info"}
{"message":"creating roles route","level":"info"}
{"message":"creating locations route","level":"info"}
{"message":"creating riders route","level":"info"}
{"message":"creating partners route","level":"info"}
{"message":"creating dispatch route","level":"info"}
{"level":"info","message":"Port "}
{"message":"Mongo Response: connected Succesfully","level":"info"}
{"message":"Mongo Request:mongodb://molly:P%4055w0rd@127.0.0.1:27017/molly","level":"info"}
{"message":"creating users route","level":"info"}
{"message":"creating auth route","level":"info"}
{"message":"creating roles route","level":"info"}
{"message":"creating locations route","level":"info"}
{"message":"creating riders route","level":"info"}
{"message":"creating partners route","level":"info"}
{"message":"creating dispatch route","level":"info"}
{"message":"creating users route","level":"info"}
{"message":"creating auth route","level":"info"}
{"message":"creating roles route","level":"info"}
{"message":"creating locations route","level":"info"}
{"message":"creating riders route","level":"info"}
{"message":"creating partners route","level":"info"}
{"message":"creating dispatch route","level":"info"}
{"level":"info","message":"Port "}
{"message":"Mongo Response: connected Succesfully","level":"info"}
{"message":"Mongo Request:mongodb://molly:P%4055w0rd@127.0.0.1:27017/molly","level":"info"}
{"message":"creating users route","level":"info"}
{"message":"creating auth route","level":"info"}
{"message":"creating roles route","level":"info"}
{"message":"creating locations route","level":"info"}
{"message":"creating riders route","level":"info"}
{"message":"creating partners route","level":"info"}
{"message":"creating dispatch route","level":"info"}
{"message":"creating users route","level":"info"}
{"message":"creating auth route","level":"info"}
{"message":"creating roles route","level":"info"}
{"message":"creating locations route","level":"info"}
{"message":"creating riders route","level":"info"}
{"message":"creating partners route","level":"info"}
{"message":"creating dispatch route","level":"info"}
{"level":"info","message":"Port "}
{"message":"Mongo Response: connected Succesfully","level":"info"}
{"message":"Mongo Request:mongodb://molly:P%4055w0rd@127.0.0.1:27017/molly","level":"info"}
{"message":"creating users route","level":"info"}
{"message":"creating auth route","level":"info"}
{"message":"creating roles route","level":"info"}
{"message":"creating locations route","level":"info"}
{"message":"creating riders route","level":"info"}
{"message":"creating partners route","level":"info"}
{"message":"creating dispatch route","level":"info"}
{"message":"creating users route","level":"info"}
{"message":"creating auth route","level":"info"}
{"message":"creating roles route","level":"info"}
{"message":"creating locations route","level":"info"}
{"message":"creating riders route","level":"info"}
{"message":"creating partners route","level":"info"}
{"message":"creating dispatch route","level":"info"}
{"level":"info","message":"Port "}
{"message":"Mongo Response: connected Succesfully","level":"info"}
{"message":"Mongo Request:mongodb://molly:P%4055w0rd@127.0.0.1:27017/molly","level":"info"}
{"message":"creating users route","level":"info"}
{"message":"creating auth route","level":"info"}
{"message":"creating roles route","level":"info"}
{"message":"creating locations route","level":"info"}
{"message":"creating riders route","level":"info"}
{"message":"creating partners route","level":"info"}
{"message":"creating dispatch route","level":"info"}
{"message":"creating users route","level":"info"}
{"message":"creating auth route","level":"info"}
{"message":"creating roles route","level":"info"}
{"message":"creating locations route","level":"info"}
{"message":"creating riders route","level":"info"}
{"message":"creating partners route","level":"info"}
{"message":"creating dispatch route","level":"info"}
{"level":"info","message":"Port "}
{"message":"Mongo Response: connected Succesfully","level":"info"}
{"message":"Mongo Request:mongodb://molly:P%4055w0rd@127.0.0.1:27017/molly","level":"info"}
{"message":"creating users route","level":"info"}
{"message":"creating auth route","level":"info"}
{"message":"creating roles route","level":"info"}
{"message":"creating locations route","level":"info"}
{"message":"creating riders route","level":"info"}
{"message":"creating partners route","level":"info"}
{"message":"creating dispatch route","level":"info"}
{"message":"creating users route","level":"info"}
{"message":"creating auth route","level":"info"}
{"message":"creating roles route","level":"info"}
{"message":"creating locations route","level":"info"}
{"message":"creating riders route","level":"info"}
{"message":"creating partners route","level":"info"}
{"message":"creating dispatch route","level":"info"}
{"level":"info","message":"Port "}
{"message":"Mongo Response: connected Succesfully","level":"info"}
{"message":"Mongo Request:mongodb://molly:P%4055w0rd@127.0.0.1:27017/molly","level":"info"}
{"message":"creating users route","level":"info"}
{"message":"creating auth route","level":"info"}
{"message":"creating roles route","level":"info"}
{"message":"creating locations route","level":"info"}
{"message":"creating riders route","level":"info"}
{"message":"creating partners route","level":"info"}
{"message":"creating dispatch route","level":"info"}
{"message":"creating users route","level":"info"}
{"message":"creating auth route","level":"info"}
{"message":"creating roles route","level":"info"}
{"message":"creating locations route","level":"info"}
{"message":"creating riders route","level":"info"}
{"message":"creating partners route","level":"info"}
{"message":"creating dispatch route","level":"info"}
{"level":"info","message":"Port "}
{"message":"Mongo Response: connected Succesfully","level":"info"}
{"message":"Core response: {\"message\":\"Page not Found\",\"status\":99}","level":"info"}
{"message":"Mongo Request:mongodb://molly:P%4055w0rd@127.0.0.1:27017/molly","level":"info"}
{"message":"creating users route","level":"info"}
{"message":"creating auth route","level":"info"}
{"message":"creating roles route","level":"info"}
{"message":"creating locations route","level":"info"}
{"message":"creating riders route","level":"info"}
{"message":"creating partners route","level":"info"}
{"message":"creating dispatch route","level":"info"}
{"message":"creating users route","level":"info"}
{"message":"creating auth route","level":"info"}
{"message":"creating roles route","level":"info"}
{"message":"creating locations route","level":"info"}
{"message":"creating riders route","level":"info"}
{"message":"creating partners route","level":"info"}
{"message":"creating dispatch route","level":"info"}
{"level":"info","message":"Port "}
{"message":"Mongo Response: connected Succesfully","level":"info"}
{"message":"Mongo Request:mongodb://molly:P%4055w0rd@127.0.0.1:27017/molly","level":"info"}
{"message":"creating users route","level":"info"}
{"message":"creating auth route","level":"info"}
{"message":"creating roles route","level":"info"}
{"message":"creating locations route","level":"info"}
{"message":"creating riders route","level":"info"}
{"message":"creating partners route","level":"info"}
{"message":"creating dispatch route","level":"info"}
{"message":"creating users route","level":"info"}
{"message":"creating auth route","level":"info"}
{"message":"creating roles route","level":"info"}
{"message":"creating locations route","level":"info"}
{"message":"creating riders route","level":"info"}
{"message":"creating partners route","level":"info"}
{"message":"creating dispatch route","level":"info"}
{"level":"info","message":"Port "}
{"message":"Mongo Response: connected Succesfully","level":"info"}
{"message":"Mongo Request:mongodb://molly:P%4055w0rd@127.0.0.1:27017/molly","level":"info"}
{"message":"creating users route","level":"info"}
{"message":"creating auth route","level":"info"}
{"message":"creating roles route","level":"info"}
{"message":"creating locations route","level":"info"}
{"message":"creating riders route","level":"info"}
{"message":"creating partners route","level":"info"}
{"message":"creating dispatch route","level":"info"}
{"message":"creating users route","level":"info"}
{"message":"creating auth route","level":"info"}
{"message":"creating roles route","level":"info"}
{"message":"creating locations route","level":"info"}
{"message":"creating riders route","level":"info"}
{"message":"creating partners route","level":"info"}
{"message":"creating dispatch route","level":"info"}
{"level":"info","message":"Port "}
{"message":"Mongo Response: connected Succesfully","level":"info"}
{"message":"Core response: {\"message\":\"Unexpected token } in JSON at position 38\",\"status\":99}","level":"info"}
{"message":"Core response: {\"message\":\"Unexpected token } in JSON at position 38\",\"status\":99}","level":"info"}
{"message":"Core response: {\"message\":\"Unexpected token } in JSON at position 38\",\"status\":99}","level":"info"}
{"message":"Mongo Request:mongodb://molly:P%4055w0rd@127.0.0.1:27017/molly","level":"info"}
{"message":"creating users route","level":"info"}
{"message":"creating auth route","level":"info"}
{"message":"creating roles route","level":"info"}
{"message":"creating locations route","level":"info"}
{"message":"creating riders route","level":"info"}
{"message":"creating partners route","level":"info"}
{"message":"creating dispatch route","level":"info"}
{"message":"creating users route","level":"info"}
{"message":"creating auth route","level":"info"}
{"message":"creating roles route","level":"info"}
{"message":"creating locations route","level":"info"}
{"message":"creating riders route","level":"info"}
{"message":"creating partners route","level":"info"}
{"message":"creating dispatch route","level":"info"}
{"level":"info","message":"Port "}
{"message":"Mongo Response: connected Succesfully","level":"info"}
{"message":"Core response: {\"message\":\"Unexpected token } in JSON at position 38\",\"status\":99}","level":"info"}
{"message":"Mongo Request:mongodb://molly:P%4055w0rd@127.0.0.1:27017/molly","level":"info"}
{"message":"creating users route","level":"info"}
{"message":"creating auth route","level":"info"}
{"message":"creating roles route","level":"info"}
{"message":"creating locations route","level":"info"}
{"message":"creating riders route","level":"info"}
{"message":"creating partners route","level":"info"}
{"message":"creating dispatch route","level":"info"}
{"message":"creating users route","level":"info"}
{"message":"creating auth route","level":"info"}
{"message":"creating roles route","level":"info"}
{"message":"creating locations route","level":"info"}
{"message":"creating riders route","level":"info"}
{"message":"creating partners route","level":"info"}
{"message":"creating dispatch route","level":"info"}
{"level":"info","message":"Port "}
{"message":"Mongo Response: connected Succesfully","level":"info"}
{"message":"Mongo Request:mongodb://molly:P%4055w0rd@127.0.0.1:27017/molly","level":"info"}
{"message":"creating users route","level":"info"}
{"message":"creating auth route","level":"info"}
{"message":"creating roles route","level":"info"}
{"message":"creating locations route","level":"info"}
{"message":"creating riders route","level":"info"}
{"message":"creating partners route","level":"info"}
{"message":"creating dispatch route","level":"info"}
{"message":"creating users route","level":"info"}
{"message":"creating auth route","level":"info"}
{"message":"creating roles route","level":"info"}
{"message":"creating locations route","level":"info"}
{"message":"creating riders route","level":"info"}
{"message":"creating partners route","level":"info"}
{"message":"creating dispatch route","level":"info"}
{"level":"info","message":"Port "}
{"message":"Mongo Response: connected Succesfully","level":"info"}
{"message":"Mongo Request:mongodb://molly:P%4055w0rd@127.0.0.1:27017/molly","level":"info"}
{"message":"creating users route","level":"info"}
{"message":"creating auth route","level":"info"}
{"message":"creating roles route","level":"info"}
{"message":"creating locations route","level":"info"}
{"message":"creating riders route","level":"info"}
{"message":"creating partners route","level":"info"}
{"message":"creating dispatch route","level":"info"}
{"message":"creating users route","level":"info"}
{"message":"creating auth route","level":"info"}
{"message":"creating roles route","level":"info"}
{"message":"creating locations route","level":"info"}
{"message":"creating riders route","level":"info"}
{"message":"creating partners route","level":"info"}
{"message":"creating dispatch route","level":"info"}
{"level":"info","message":"Port "}
{"message":"Mongo Response: connected Succesfully","level":"info"}
{"message":"Mongo Request:mongodb://molly:P%4055w0rd@127.0.0.1:27017/molly","level":"info"}
{"message":"creating users route","level":"info"}
{"message":"creating auth route","level":"info"}
{"message":"creating roles route","level":"info"}
{"message":"creating locations route","level":"info"}
{"message":"creating riders route","level":"info"}
{"message":"creating partners route","level":"info"}
{"message":"creating dispatch route","level":"info"}
{"message":"creating users route","level":"info"}
{"message":"creating auth route","level":"info"}
{"message":"creating roles route","level":"info"}
{"message":"creating locations route","level":"info"}
{"message":"creating riders route","level":"info"}
{"message":"creating partners route","level":"info"}
{"message":"creating dispatch route","level":"info"}
{"level":"info","message":"Port "}
{"message":"Mongo Response: connected Succesfully","level":"info"}
{"message":"Mongo Request:mongodb://molly:P%4055w0rd@127.0.0.1:27017/molly","level":"info"}
{"message":"creating users route","level":"info"}
{"message":"creating auth route","level":"info"}
{"message":"creating roles route","level":"info"}
{"message":"creating locations route","level":"info"}
{"message":"creating riders route","level":"info"}
{"message":"creating partners route","level":"info"}
{"message":"creating dispatch route","level":"info"}
{"message":"creating users route","level":"info"}
{"message":"creating auth route","level":"info"}
{"message":"creating roles route","level":"info"}
{"message":"creating locations route","level":"info"}
{"message":"creating riders route","level":"info"}
{"message":"creating partners route","level":"info"}
{"message":"creating dispatch route","level":"info"}
{"level":"info","message":"Port "}
{"message":"Mongo Response: connected Succesfully","level":"info"}
{"message":"Mongo Request:mongodb://molly:P%4055w0rd@127.0.0.1:27017/molly","level":"info"}
{"message":"creating users route","level":"info"}
{"message":"creating auth route","level":"info"}
{"message":"creating roles route","level":"info"}
{"message":"creating locations route","level":"info"}
{"message":"creating riders route","level":"info"}
{"message":"creating partners route","level":"info"}
{"message":"creating dispatch route","level":"info"}
{"message":"creating users route","level":"info"}
{"message":"creating auth route","level":"info"}
{"message":"creating roles route","level":"info"}
{"message":"creating locations route","level":"info"}
{"message":"creating riders route","level":"info"}
{"message":"creating partners route","level":"info"}
{"message":"creating dispatch route","level":"info"}
{"level":"info","message":"Port "}
{"message":"Mongo Response: connected Succesfully","level":"info"}
