{"message":"Mongo Request:mongodb://molly:P%4055w0rd@127.0.0.1:27017/molly","level":"info"}
{"message":"creating users route","level":"info"}
{"message":"creating auth route","level":"info"}
{"message":"creating roles route","level":"info"}
{"message":"creating locations route","level":"info"}
{"message":"creating users route","level":"info"}
{"message":"creating auth route","level":"info"}
{"message":"creating roles route","level":"info"}
{"message":"creating locations route","level":"info"}
{"level":"info","message":"Port "}
{"message":"Mongo Response: connected Succesfully","level":"info"}
{"message":"Mongo Request:mongodb://molly:P%4055w0rd@127.0.0.1:27017/molly","level":"info"}
{"message":"creating users route","level":"info"}
{"message":"creating auth route","level":"info"}
{"message":"creating roles route","level":"info"}
{"message":"creating locations route","level":"info"}
{"message":"creating users route","level":"info"}
{"message":"creating auth route","level":"info"}
{"message":"creating roles route","level":"info"}
{"message":"creating locations route","level":"info"}
{"level":"info","message":"Port "}
{"message":"Mongo Response: connected Succesfully","level":"info"}
{"message":"Mongo Request:mongodb://molly:P%4055w0rd@127.0.0.1:27017/molly","level":"info"}
{"message":"creating users route","level":"info"}
{"message":"creating auth route","level":"info"}
{"message":"creating roles route","level":"info"}
{"message":"creating locations route","level":"info"}
{"message":"creating users route","level":"info"}
{"message":"creating auth route","level":"info"}
{"message":"creating roles route","level":"info"}
{"message":"creating locations route","level":"info"}
{"level":"info","message":"Port "}
{"message":"Mongo Response: connected Succesfully","level":"info"}
{"message":"Mongo Request:mongodb://molly:P%4055w0rd@127.0.0.1:27017/molly","level":"info"}
{"message":"creating users route","level":"info"}
{"message":"creating auth route","level":"info"}
{"message":"creating roles route","level":"info"}
{"message":"creating locations route","level":"info"}
{"message":"creating users route","level":"info"}
{"message":"creating auth route","level":"info"}
{"message":"creating roles route","level":"info"}
{"message":"creating locations route","level":"info"}
{"level":"info","message":"Port "}
{"message":"Mongo Response: connected Succesfully","level":"info"}
{"message":"Mongo Request:mongodb://molly:P%4055w0rd@127.0.0.1:27017/molly","level":"info"}
{"message":"creating users route","level":"info"}
{"message":"creating auth route","level":"info"}
{"message":"creating roles route","level":"info"}
{"message":"creating locations route","level":"info"}
{"message":"creating users route","level":"info"}
{"message":"creating auth route","level":"info"}
{"message":"creating roles route","level":"info"}
{"message":"creating locations route","level":"info"}
{"level":"info","message":"Port "}
{"message":"Mongo Response: connected Succesfully","level":"info"}
{"message":"Mongo Request:mongodb://molly:P%4055w0rd@127.0.0.1:27017/molly","level":"info"}
{"message":"creating users route","level":"info"}
{"message":"creating auth route","level":"info"}
{"message":"creating roles route","level":"info"}
{"message":"creating locations route","level":"info"}
{"message":"creating users route","level":"info"}
{"message":"creating auth route","level":"info"}
{"message":"creating roles route","level":"info"}
{"message":"creating locations route","level":"info"}
{"level":"info","message":"Port "}
{"message":"Mongo Response: connected Succesfully","level":"info"}
{"message":"Mongo Request:mongodb://molly:P%4055w0rd@127.0.0.1:27017/molly","level":"info"}
{"message":"creating users route","level":"info"}
{"message":"creating auth route","level":"info"}
{"message":"creating roles route","level":"info"}
{"message":"creating locations route","level":"info"}
{"message":"creating users route","level":"info"}
{"message":"creating auth route","level":"info"}
{"message":"creating roles route","level":"info"}
{"message":"creating locations route","level":"info"}
{"level":"info","message":"Port "}
{"message":"Mongo Response: connected Succesfully","level":"info"}
{"message":"Mongo Request:mongodb://molly:P%4055w0rd@127.0.0.1:27017/molly","level":"info"}
{"message":"creating users route","level":"info"}
{"message":"creating auth route","level":"info"}
{"message":"creating roles route","level":"info"}
{"message":"creating locations route","level":"info"}
{"message":"creating users route","level":"info"}
{"message":"creating auth route","level":"info"}
{"message":"creating roles route","level":"info"}
{"message":"creating locations route","level":"info"}
{"level":"info","message":"Port "}
{"message":"Mongo Response: connected Succesfully","level":"info"}
{"message":"Mongo Request:mongodb://molly:P%4055w0rd@127.0.0.1:27017/molly","level":"info"}
{"message":"creating users route","level":"info"}
{"message":"creating auth route","level":"info"}
{"message":"creating roles route","level":"info"}
{"message":"creating locations route","level":"info"}
{"message":"creating users route","level":"info"}
{"message":"creating auth route","level":"info"}
{"message":"creating roles route","level":"info"}
{"message":"creating locations route","level":"info"}
{"level":"info","message":"Port "}
{"message":"Mongo Response: connected Succesfully","level":"info"}
{"message":"Mongo Request:mongodb://molly:P%4055w0rd@127.0.0.1:27017/molly","level":"info"}
{"message":"creating users route","level":"info"}
{"message":"creating auth route","level":"info"}
{"message":"creating roles route","level":"info"}
{"message":"creating locations route","level":"info"}
{"message":"creating users route","level":"info"}
{"message":"creating auth route","level":"info"}
{"message":"creating roles route","level":"info"}
{"message":"creating locations route","level":"info"}
{"level":"info","message":"Port "}
{"message":"Mongo Response: connected Succesfully","level":"info"}
{"message":"Mongo Request:mongodb://molly:P%4055w0rd@127.0.0.1:27017/molly","level":"info"}
{"message":"creating users route","level":"info"}
{"message":"creating auth route","level":"info"}
{"message":"creating roles route","level":"info"}
{"message":"creating locations route","level":"info"}
{"message":"creating users route","level":"info"}
{"message":"creating auth route","level":"info"}
{"message":"creating roles route","level":"info"}
{"message":"creating locations route","level":"info"}
{"level":"info","message":"Port "}
{"message":"Mongo Response: connected Succesfully","level":"info"}
{"message":"Mongo Request:mongodb://molly:P%4055w0rd@127.0.0.1:27017/molly","level":"info"}
{"message":"creating users route","level":"info"}
{"message":"creating auth route","level":"info"}
{"message":"creating roles route","level":"info"}
{"message":"creating locations route","level":"info"}
{"message":"creating users route","level":"info"}
{"message":"creating auth route","level":"info"}
{"message":"creating roles route","level":"info"}
{"message":"creating locations route","level":"info"}
{"level":"info","message":"Port "}
{"message":"Mongo Response: connected Succesfully","level":"info"}
{"message":"Mongo Request:mongodb://molly:P%4055w0rd@127.0.0.1:27017/molly","level":"info"}
{"message":"creating users route","level":"info"}
{"message":"creating auth route","level":"info"}
{"message":"creating roles route","level":"info"}
{"message":"creating locations route","level":"info"}
{"message":"creating users route","level":"info"}
{"message":"creating auth route","level":"info"}
{"message":"creating roles route","level":"info"}
{"message":"creating locations route","level":"info"}
{"level":"info","message":"Port "}
{"message":"Mongo Response: connected Succesfully","level":"info"}
{"message":"Mongo Request:mongodb://molly:P%4055w0rd@127.0.0.1:27017/molly","level":"info"}
{"message":"creating users route","level":"info"}
{"message":"creating auth route","level":"info"}
{"message":"creating roles route","level":"info"}
{"message":"creating locations route","level":"info"}
{"message":"creating users route","level":"info"}
{"message":"creating auth route","level":"info"}
{"message":"creating roles route","level":"info"}
{"message":"creating locations route","level":"info"}
{"level":"info","message":"Port "}
{"message":"Mongo Response: connected Succesfully","level":"info"}
{"message":"Mongo Request:mongodb://molly:P%4055w0rd@127.0.0.1:27017/molly","level":"info"}
{"message":"creating users route","level":"info"}
{"message":"creating auth route","level":"info"}
{"message":"creating roles route","level":"info"}
{"message":"creating locations route","level":"info"}
{"message":"creating users route","level":"info"}
{"message":"creating auth route","level":"info"}
{"message":"creating roles route","level":"info"}
{"message":"creating locations route","level":"info"}
{"level":"info","message":"Port "}
{"message":"Mongo Response: connected Succesfully","level":"info"}
{"message":"Mongo Request:mongodb://molly:P%4055w0rd@127.0.0.1:27017/molly","level":"info"}
{"message":"creating users route","level":"info"}
{"message":"creating auth route","level":"info"}
{"message":"creating roles route","level":"info"}
{"message":"creating locations route","level":"info"}
{"message":"creating users route","level":"info"}
{"message":"creating auth route","level":"info"}
{"message":"creating roles route","level":"info"}
{"message":"creating locations route","level":"info"}
{"level":"info","message":"Port "}
{"message":"Mongo Response: connected Succesfully","level":"info"}
{"message":"Mongo Request:mongodb://molly:P%4055w0rd@127.0.0.1:27017/molly","level":"info"}
{"message":"creating users route","level":"info"}
{"message":"creating auth route","level":"info"}
{"message":"creating roles route","level":"info"}
{"message":"creating locations route","level":"info"}
{"message":"creating users route","level":"info"}
{"message":"creating auth route","level":"info"}
{"message":"creating roles route","level":"info"}
{"message":"creating locations route","level":"info"}
{"level":"info","message":"Port "}
{"message":"Mongo Response: connected Succesfully","level":"info"}
{"message":"Mongo Request:mongodb://molly:P%4055w0rd@127.0.0.1:27017/molly","level":"info"}
{"message":"creating users route","level":"info"}
{"message":"creating auth route","level":"info"}
{"message":"creating roles route","level":"info"}
{"message":"creating locations route","level":"info"}
{"message":"creating users route","level":"info"}
{"message":"creating auth route","level":"info"}
{"message":"creating roles route","level":"info"}
{"message":"creating locations route","level":"info"}
{"level":"info","message":"Port "}
{"message":"Mongo Response: connected Succesfully","level":"info"}
{"message":"Mongo Request:mongodb://molly:P%4055w0rd@127.0.0.1:27017/molly","level":"info"}
{"message":"creating users route","level":"info"}
{"message":"creating auth route","level":"info"}
{"message":"creating roles route","level":"info"}
{"message":"creating locations route","level":"info"}
{"message":"creating users route","level":"info"}
{"message":"creating auth route","level":"info"}
{"message":"creating roles route","level":"info"}
{"message":"creating locations route","level":"info"}
{"level":"info","message":"Port "}
{"message":"Mongo Response: connected Succesfully","level":"info"}
{"message":"Mongo Request:mongodb://molly:P%4055w0rd@127.0.0.1:27017/molly","level":"info"}
{"message":"creating users route","level":"info"}
{"message":"creating auth route","level":"info"}
{"message":"creating roles route","level":"info"}
{"message":"creating locations route","level":"info"}
{"message":"creating users route","level":"info"}
{"message":"creating auth route","level":"info"}
{"message":"creating roles route","level":"info"}
{"message":"creating locations route","level":"info"}
{"level":"info","message":"Port "}
{"message":"Mongo Response: connected Succesfully","level":"info"}
{"message":"Mongo Request:mongodb://molly:P%4055w0rd@127.0.0.1:27017/molly","level":"info"}
{"message":"creating users route","level":"info"}
{"message":"creating auth route","level":"info"}
{"message":"creating roles route","level":"info"}
{"message":"creating locations route","level":"info"}
{"message":"creating users route","level":"info"}
{"message":"creating auth route","level":"info"}
{"message":"creating roles route","level":"info"}
{"message":"creating locations route","level":"info"}
{"level":"info","message":"Port "}
{"message":"Mongo Response: connected Succesfully","level":"info"}
{"message":"Mongo Request:mongodb://molly:P%4055w0rd@127.0.0.1:27017/molly","level":"info"}
{"message":"creating users route","level":"info"}
{"message":"creating auth route","level":"info"}
{"message":"creating roles route","level":"info"}
{"message":"creating locations route","level":"info"}
{"message":"creating users route","level":"info"}
{"message":"creating auth route","level":"info"}
{"message":"creating roles route","level":"info"}
{"message":"creating locations route","level":"info"}
{"level":"info","message":"Port "}
{"message":"Mongo Response: connected Succesfully","level":"info"}
{"message":"Mongo Request:mongodb://molly:P%4055w0rd@127.0.0.1:27017/molly","level":"info"}
{"message":"creating users route","level":"info"}
{"message":"creating auth route","level":"info"}
{"message":"creating roles route","level":"info"}
{"message":"creating locations route","level":"info"}
{"message":"creating users route","level":"info"}
{"message":"creating auth route","level":"info"}
{"message":"creating roles route","level":"info"}
{"message":"creating locations route","level":"info"}
{"level":"info","message":"Port "}
{"message":"Mongo Response: connected Succesfully","level":"info"}
{"message":"Mongo Request:mongodb://molly:P%4055w0rd@127.0.0.1:27017/molly","level":"info"}
{"message":"creating users route","level":"info"}
{"message":"creating auth route","level":"info"}
{"message":"creating roles route","level":"info"}
{"message":"creating locations route","level":"info"}
{"message":"creating users route","level":"info"}
{"message":"creating auth route","level":"info"}
{"message":"creating roles route","level":"info"}
{"message":"creating locations route","level":"info"}
{"level":"info","message":"Port "}
{"message":"Mongo Response: connected Succesfully","level":"info"}
